<?xml version="1.0" encoding="UTF-8"?>
<testsuite name="Cart Functionality" tests="2" skipped="0" failures="1" errors="0" timestamp="2025-07-30T17:05:32" hostname="LAPTOP-KNP6RUNT" time="14.329">
  <properties/>
  <testcase name="Add item to cart" classname="Cart Functionality" time="9.98"/>
  <testcase name="Remove item from cart" classname="Cart Functionality" time="4.349">
    <failure message="java.lang.AssertionError" type="java.lang.AssertionError">java.lang.AssertionError
	at org.junit.Assert.fail(Assert.java:87)
	at org.junit.Assert.assertTrue(Assert.java:42)
	at org.junit.Assert.assertFalse(Assert.java:65)
	at org.junit.Assert.assertFalse(Assert.java:75)
	at web.steps.CartSteps.item_should_not_be_in_cart(CartSteps.java:37)
	at ✽.&quot;Sauce Labs Bike Light&quot; should not be in the cart(file:///C:/Users/Asus%20Vivobook/IdeaProjects/finalproject/src/test/resources/features/web/cart.feature:17)
</failure>
  </testcase>
  <system-out><![CDATA[
@web @cart @positive
Scenario: Add item to cart                         # src/test/resources/features/web/cart.feature:5
  Given User is logged in with valid credentials   # web.steps.LoginSteps.user_logged_in()
  When User adds "Sauce Labs Backpack" to the cart # web.steps.CartSteps.user_adds_item(java.lang.String)
  And User navigates to the cart page              # web.steps.CartSteps.user_navigates_to_cart()
  Then "Sauce Labs Backpack" should be in the cart # web.steps.CartSteps.item_should_be_in_cart(java.lang.String)

@web @cart @positive
Scenario: Remove item from cart                          # src/test/resources/features/web/cart.feature:12
  Given User is logged in with valid credentials         # web.steps.LoginSteps.user_logged_in()
  And User adds "Sauce Labs Bike Light" to the cart      # web.steps.CartSteps.user_adds_item(java.lang.String)
  When User navigates to the cart page                   # web.steps.CartSteps.user_navigates_to_cart()
  And User removes "Sauce Labs Bike Light" from the cart # web.steps.CartSteps.user_removes_item(java.lang.String)
  Then "Sauce Labs Bike Light" should not be in the cart # web.steps.CartSteps.item_should_not_be_in_cart(java.lang.String)
      java.lang.AssertionError
	at org.junit.Assert.fail(Assert.java:87)
	at org.junit.Assert.assertTrue(Assert.java:42)
	at org.junit.Assert.assertFalse(Assert.java:65)
	at org.junit.Assert.assertFalse(Assert.java:75)
	at web.steps.CartSteps.item_should_not_be_in_cart(CartSteps.java:37)
	at âœ½."Sauce Labs Bike Light" should not be in the cart(file:///C:/Users/Asus%20Vivobook/IdeaProjects/finalproject/src/test/resources/features/web/cart.feature:17)

]]></system-out>
  <system-err><![CDATA[Jul 31, 2025 12:05:40 AM org.openqa.selenium.devtools.CdpVersionFinder findNearestMatch
WARNING: Unable to find CDP implementation matching 138
Jul 31, 2025 12:05:40 AM org.openqa.selenium.chromium.ChromiumDriver lambda$new$5
WARNING: Unable to find version of CDP to use for 138.0.7204.183. You may need to include a dependency on a specific version of the CDP using something similar to `org.seleniumhq.selenium:selenium-devtools-v86:4.11.0` where the version ("v86") matches the version of the chromium-based browser you're using and the version number of the artifact is the same as Selenium's.
Jul 31, 2025 12:05:43 AM org.openqa.selenium.devtools.CdpVersionFinder findNearestMatch
WARNING: Unable to find CDP implementation matching 138
Jul 31, 2025 12:05:43 AM org.openqa.selenium.chromium.ChromiumDriver lambda$new$5
WARNING: Unable to find version of CDP to use for 138.0.7204.183. You may need to include a dependency on a specific version of the CDP using something similar to `org.seleniumhq.selenium:selenium-devtools-v86:4.11.0` where the version ("v86") matches the version of the chromium-based browser you're using and the version number of the artifact is the same as Selenium's.
]]></system-err>
</testsuite>
